[2024-10-23 12:47:23]     INFO 
 Running measureToAs with input parameters: 
 evtFile: 1e2259_nicer.fits
 timMod: 1e2259.par
 tempModPP: 1e2259_template.txt
 toagtifile: timIntToAs_1e2259.txt
 eneLow: 1.0
 eneHigh: 5.0
 toaStart: 0
 toaEnd: None
 phShiftRes: 1000
 nbrBins: 15
 varyAmps: False
 brutemin: True
 plotPPs: False
 plotLLs: False
 output toaFile: ToAs_2259
 output timFile: ToAs_2259
 (measureToAs.py:137)
[2024-10-23 12:47:23]     INFO 
 Using best fit model of template fourier to measure ToAs (measureToAs.py:197)
[2024-10-23 12:50:52]     INFO 
 Wrote ToA properties to ToAs_2259.txt (measureToAs.py:265)
[2024-10-23 12:50:52]     INFO 
 Wrote timfile ToAs_2259.tim (measureToAs.py:271)
[2024-10-23 12:50:52]     INFO 
 Created phase residual plot ToAs_2259_phaseResiduals.pdf (measureToAs.py:276)
